The Dart VM service is listening on http://127.0.0.1:34521/Hb3BkqnSGv4=/
The Dart DevTools debugger and profiler is available at: http://127.0.0.1:34521/Hb3BkqnSGv4=/devtools?uri=ws://127.0.0.1:34521/Hb3BkqnSGv4=/ws
The Dart VM service is listening on http://127.0.0.1:32953/pNNbpGwDFg8=/
The Dart DevTools debugger and profiler is available at: http://127.0.0.1:32953/pNNbpGwDFg8=/devtools?uri=ws://127.0.0.1:32953/pNNbpGwDFg8=/ws
The request analysis.setContextRoots failed with the following error:
RequestErrorCode.PLUGIN_ERROR
UnimplementedError
at:
#0      SocketCustomLintServerToClientChannel.setContextRoots (package:custom_lint/src/v2/server_to_client_channel.dart:153:5)
#1      CustomLintServer._maybeSpawnCustomLintPlugin (package:custom_lint/src/v2/custom_lint_analyzer_plugin.dart:340:35)
#2      CustomLintServer._handleAnalysisSetContextRoots.<anonymous closure> (package:custom_lint/src/v2/custom_lint_analyzer_plugin.dart:328:15)
#3      PendingOperation.run (package:custom_lint/src/async_operation.dart:18:22)
#4      CustomLintServer._handleAnalysisSetContextRoots (package:custom_lint/src/v2/custom_lint_analyzer_plugin.dart:325:15)
#5      RequestX.when (package:custom_lint/src/request_extension.dart:136:47)
#6      CustomLintServer._handleRequest (package:custom_lint/src/v2/custom_lint_analyzer_plugin.dart:160:36)
#7      _rootRunUnary (dart:async/zone.dart:1407:47)
#8      _CustomZone.runUnary (dart:async/zone.dart:1308:19)
#9      _CustomZone.runUnaryGuarded (dart:async/zone.dart:1217:7)
#10     _BufferingStreamSubscription._sendData (dart:async/stream_impl.dart:339:11)
#11     _BufferingStreamSubscription._add (dart:async/stream_impl.dart:271:7)
#12     _ForwardingStreamSubscription._add (dart:async/stream_pipe.dart:123:11)
#13     _MapStream._handleData (dart:async/stream_pipe.dart:218:10)
#14     _ForwardingStreamSubscription._handleData (dart:async/stream_pipe.dart:153:13)
#15     _rootRunUnary (dart:async/zone.dart:1407:47)
#16     _CustomZone.runUnary (dart:async/zone.dart:1308:19)
#17     _CustomZone.runUnaryGuarded (dart:async/zone.dart:1217:7)
#18     _BufferingStreamSubscription._sendData (dart:async/stream_impl.dart:339:11)
#19     _BufferingStreamSubscription._add (dart:async/stream_impl.dart:271:7)
#20     _ForwardingStreamSubscription._add (dart:async/stream_pipe.dart:123:11)
#21     _MapStream._handleData (dart:async/stream_pipe.dart:218:10)
#22     _ForwardingStreamSubscription._handleData (dart:async/stream_pipe.dart:153:13)
#23     _rootRunUnary (dart:async/zone.dart:1407:47)
#24     _CustomZone.runUnary (dart:async/zone.dart:1308:19)
#25     _CustomZone.runUnaryGuarded (dart:async/zone.dart:1217:7)
#26     _BufferingStreamSubscription._sendData (dart:async/stream_impl.dart:339:11)
#27     _BufferingStreamSubscription._add (dart:async/stream_impl.dart:271:7)
#28     _SyncBroadcastStreamController._sendData (dart:async/broadcast_stream_controller.dart:377:25)
#29     _BroadcastStreamController.add (dart:async/broadcast_stream_controller.dart:244:5)
#30     _AsBroadcastStreamController.add (dart:async/broadcast_stream_controller.dart:474:11)
#31     _rootRunUnary (dart:async/zone.dart:1415:13)
#32     _CustomZone.runUnary (dart:async/zone.dart:1308:19)
#33     _CustomZone.runUnaryGuarded (dart:async/zone.dart:1217:7)
#34     _BufferingStreamSubscription._sendData (dart:async/stream_impl.dart:339:11)
#35     _BufferingStreamSubscription._add (dart:async/stream_impl.dart:271:7)
#36     _SyncStreamControllerDispatch._sendData (dart:async/stream_controller.dart:784:19)
#37     _StreamController._add (dart:async/stream_controller.dart:658:7)
#38     _StreamController.add (dart:async/stream_controller.dart:606:5)
#39     _RawReceivePort._handleMessage (dart:isolate-patch/isolate_patch.dart:184:12)

The Dart VM service is listening on http://127.0.0.1:37399/oCvxlcZuxR0=/
The Dart DevTools debugger and profiler is available at: http://127.0.0.1:37399/oCvxlcZuxR0=/devtools?uri=ws://127.0.0.1:37399/oCvxlcZuxR0=/ws
The request analysis.setContextRoots failed with the following error:
RequestErrorCode.PLUGIN_ERROR
UnimplementedError
at:
#0      SocketCustomLintServerToClientChannel.setContextRoots (package:custom_lint/src/v2/server_to_client_channel.dart:153:5)
#1      CustomLintServer._maybeSpawnCustomLintPlugin (package:custom_lint/src/v2/custom_lint_analyzer_plugin.dart:340:35)
#2      CustomLintServer._handleAnalysisSetContextRoots.<anonymous closure> (package:custom_lint/src/v2/custom_lint_analyzer_plugin.dart:328:15)
#3      PendingOperation.run (package:custom_lint/src/async_operation.dart:18:22)
#4      CustomLintServer._handleAnalysisSetContextRoots (package:custom_lint/src/v2/custom_lint_analyzer_plugin.dart:325:15)
#5      RequestX.when (package:custom_lint/src/request_extension.dart:136:47)
#6      CustomLintServer._handleRequest (package:custom_lint/src/v2/custom_lint_analyzer_plugin.dart:160:36)
#7      _rootRunUnary (dart:async/zone.dart:1407:47)
#8      _CustomZone.runUnary (dart:async/zone.dart:1308:19)
#9      _CustomZone.runUnaryGuarded (dart:async/zone.dart:1217:7)
#10     _BufferingStreamSubscription._sendData (dart:async/stream_impl.dart:339:11)
#11     _BufferingStreamSubscription._add (dart:async/stream_impl.dart:271:7)
#12     _ForwardingStreamSubscription._add (dart:async/stream_pipe.dart:123:11)
#13     _MapStream._handleData (dart:async/stream_pipe.dart:218:10)
#14     _ForwardingStreamSubscription._handleData (dart:async/stream_pipe.dart:153:13)
#15     _rootRunUnary (dart:async/zone.dart:1407:47)
#16     _CustomZone.runUnary (dart:async/zone.dart:1308:19)
#17     _CustomZone.runUnaryGuarded (dart:async/zone.dart:1217:7)
#18     _BufferingStreamSubscription._sendData (dart:async/stream_impl.dart:339:11)
#19     _BufferingStreamSubscription._add (dart:async/stream_impl.dart:271:7)
#20     _ForwardingStreamSubscription._add (dart:async/stream_pipe.dart:123:11)
#21     _MapStream._handleData (dart:async/stream_pipe.dart:218:10)
#22     _ForwardingStreamSubscription._handleData (dart:async/stream_pipe.dart:153:13)
#23     _rootRunUnary (dart:async/zone.dart:1407:47)
#24     _CustomZone.runUnary (dart:async/zone.dart:1308:19)
#25     _CustomZone.runUnaryGuarded (dart:async/zone.dart:1217:7)
#26     _BufferingStreamSubscription._sendData (dart:async/stream_impl.dart:339:11)
#27     _BufferingStreamSubscription._add (dart:async/stream_impl.dart:271:7)
#28     _SyncBroadcastStreamController._sendData (dart:async/broadcast_stream_controller.dart:377:25)
#29     _BroadcastStreamController.add (dart:async/broadcast_stream_controller.dart:244:5)
#30     _AsBroadcastStreamController.add (dart:async/broadcast_stream_controller.dart:474:11)
#31     _rootRunUnary (dart:async/zone.dart:1415:13)
#32     _CustomZone.runUnary (dart:async/zone.dart:1308:19)
#33     _CustomZone.runUnaryGuarded (dart:async/zone.dart:1217:7)
#34     _BufferingStreamSubscription._sendData (dart:async/stream_impl.dart:339:11)
#35     _BufferingStreamSubscription._add (dart:async/stream_impl.dart:271:7)
#36     _SyncStreamControllerDispatch._sendData (dart:async/stream_controller.dart:784:19)
#37     _StreamController._add (dart:async/stream_controller.dart:658:7)
#38     _StreamController.add (dart:async/stream_controller.dart:606:5)
#39     _RawReceivePort._handleMessage (dart:isolate-patch/isolate_patch.dart:184:12)

The Dart VM service is listening on http://127.0.0.1:37955/GasfEJ8PzJ8=/
The Dart DevTools debugger and profiler is available at: http://127.0.0.1:37955/GasfEJ8PzJ8=/devtools?uri=ws://127.0.0.1:37955/GasfEJ8PzJ8=/ws
[custom_lint] 2023-11-21T12:05:54.629392 lib/custom_lint_client.dart:11:12: Error: Required named parameter 'host' must be provided.
[custom_lint] 2023-11-21T12:05:54.629392   runSocket(
[custom_lint] 2023-11-21T12:05:54.629392            ^
[custom_lint] 2023-11-21T12:05:54.629392 /home/sumit/StudioProjects/dart_custom_lint/packages/custom_lint_builder/lib/src/channel.dart:57:14: Context: Found this candidate, but the arguments don't match.
[custom_lint] 2023-11-21T12:05:54.629392 Future<void> runSocket(
[custom_lint] 2023-11-21T12:05:54.629392              ^^^^^^^^^
[custom_lint] 2023-11-21T12:05:54.629392
[custom_lint] 2023-11-21T12:05:54.629392
Failed to start pluginsThe request analysis.setContextRoots failed with the following error:
RequestErrorCode.PLUGIN_ERROR
Bad state: Failed to start the plugins.
at:
#0      SocketCustomLintServerToClientChannel._checkInitializationFail.<anonymous closure> (package:custom_lint/src/v2/server_to_client_channel.dart:235:11)
<asynchronous suspension>
#1      Future.any.onValue (dart:async/future.dart:613:5)
<asynchronous suspension>

The Dart VM service is listening on http://127.0.0.1:42561/n5SQMG_g7lE=/
The Dart DevTools debugger and profiler is available at: http://127.0.0.1:42561/n5SQMG_g7lE=/devtools?uri=ws://127.0.0.1:42561/n5SQMG_g7lE=/ws
[custom_lint] 2023-11-21T12:12:21.289439 lib/custom_lint_client.dart:11:12: Error: Required named parameter 'host' must be provided.
[custom_lint] 2023-11-21T12:12:21.289439   runSocket(
[custom_lint] 2023-11-21T12:12:21.289439            ^
[custom_lint] 2023-11-21T12:12:21.289439 /home/sumit/StudioProjects/dart_custom_lint/packages/custom_lint_builder/lib/src/channel.dart:57:14: Context: Found this candidate, but the arguments don't match.
[custom_lint] 2023-11-21T12:12:21.289439 Future<void> runSocket(
[custom_lint] 2023-11-21T12:12:21.289439              ^^^^^^^^^
[custom_lint] 2023-11-21T12:12:21.289439
[custom_lint] 2023-11-21T12:12:21.289439
Failed to start pluginsThe request analysis.setContextRoots failed with the following error:
RequestErrorCode.PLUGIN_ERROR
Bad state: Failed to start the plugins.
at:
#0      SocketCustomLintServerToClientChannel._checkInitializationFail.<anonymous closure> (package:custom_lint/src/v2/server_to_client_channel.dart:235:11)
<asynchronous suspension>
#1      Future.any.onValue (dart:async/future.dart:613:5)
<asynchronous suspension>

